<?xml version="1.0" encoding="UTF-8"?>
<!-- Generated by org.testng.reporters.JUnitReportReporter -->
<testsuite skipped="0" hostname="DESKTOP-FUR6L4J" name="Local_Project.Automation_Epic_Part_3.weather2" tests="1" failures="0" timestamp="06 Feb 2021 14:00:14 GMT" time="67.741" errors="0">
  <testcase name="Weather_test" time="67.741" classname="Local_Project.Automation_Epic_Part_3.weather2"/>
</testsuite> <!-- Local_Project.Automation_Epic_Part_3.weather2 -->
