<?xml version="1.0" encoding="UTF-8"?>
<!-- Generated by org.testng.reporters.JUnitReportReporter -->
<testsuite skipped="0" hostname="DESKTOP-FUR6L4J" name="Local_Project.Automation_Epic_Part_3.weather" tests="1" failures="0" timestamp="06 Feb 2021 00:33:10 GMT" time="16.554" errors="0">
  <testcase name="Weather_test" time="16.554" classname="Local_Project.Automation_Epic_Part_3.weather"/>
</testsuite> <!-- Local_Project.Automation_Epic_Part_3.weather -->
